
> @gyeongho/gyeongho-web-components@0.0.1 build-storybook
> storybook build --output-dir /var/folders/j7/fmz_9htj65999cjw_z7blc680000gn/T/chromatic--3666-kAfBdv1k4Ooy

@storybook/cli v7.6.15

info => Cleaning outputDir: /var/folders/j7/fmz_9htj65999cjw_z7blc680000gn/T/chromatic--3666-kAfBdv1k4Ooy
(node:3748) [DEP0040] DeprecationWarning: The `punycode` module is deprecated. Please use a userland alternative instead.
(Use `node --trace-deprecation ...` to show where the warning was created)
info => Loading presets
WARN The "@storybook/addon-mdx-gfm" addon is meant as a migration assistant for Storybook 7.0; and will likely be removed in a future version.
WARN It's recommended you read this document:
WARN https://storybook.js.org/docs/react/writing-docs/mdx#lack-of-github-flavored-markdown-gfm
WARN 
WARN Once you've made the necessary changes, you can remove the addon from your package.json and storybook config.
info => Building manager..
info => Manager built (89 ms)
info => Building preview..
info => Copying static files: /Users/gyeongho/workspace/gyeongho-web-components/node_modules/@storybook/manager/static at /var/folders/j7/fmz_9htj65999cjw_z7blc680000gn/T/chromatic--3666-kAfBdv1k4Ooy/sb-common-assets
vite v5.1.1 building for production...

./sb-common-assets/fonts.css doesn't exist at build time, it will remain unchanged to be resolved at runtime
transforming...
node_modules/telejson/dist/index.mjs (1413:15) Use of eval in "node_modules/telejson/dist/index.mjs" is strongly discouraged as it poses security risks and may cause issues with minification.
node_modules/telejson/dist/index.mjs (1416:18) Use of eval in "node_modules/telejson/dist/index.mjs" is strongly discouraged as it poses security risks and may cause issues with minification.
✓ 520 modules transformed.
rendering chunks...
computing gzip size...
../../../../var/folders/j7/fmz_9htj65999cjw_z7blc680000gn/T/chromatic--3666-kAfBdv1k4Ooy/iframe.html                                     12.75 kB │ gzip:   3.60 kB
../../../../var/folders/j7/fmz_9htj65999cjw_z7blc680000gn/T/chromatic--3666-kAfBdv1k4Ooy/assets/preview-CIwosuWp.js                       0.15 kB │ gzip:   0.15 kB
../../../../var/folders/j7/fmz_9htj65999cjw_z7blc680000gn/T/chromatic--3666-kAfBdv1k4Ooy/assets/tiny-invariant-BxWVcicq.js                0.18 kB │ gzip:   0.15 kB
../../../../var/folders/j7/fmz_9htj65999cjw_z7blc680000gn/T/chromatic--3666-kAfBdv1k4Ooy/assets/entry-preview-CEZWPLrD.js                 0.21 kB │ gzip:   0.18 kB
../../../../var/folders/j7/fmz_9htj65999cjw_z7blc680000gn/T/chromatic--3666-kAfBdv1k4Ooy/assets/WithTooltip-V3YHNWJZ-DC5lFgxy.js          0.26 kB │ gzip:   0.18 kB
../../../../var/folders/j7/fmz_9htj65999cjw_z7blc680000gn/T/chromatic--3666-kAfBdv1k4Ooy/assets/syntaxhighlighter-V7JZZA35-B7sAPkq1.js    0.28 kB │ gzip:   0.20 kB
../../../../var/folders/j7/fmz_9htj65999cjw_z7blc680000gn/T/chromatic--3666-kAfBdv1k4Ooy/assets/index-C6_1C1-i.js                         0.32 kB │ gzip:   0.21 kB
../../../../var/folders/j7/fmz_9htj65999cjw_z7blc680000gn/T/chromatic--3666-kAfBdv1k4Ooy/assets/index-DTk2EBu6.js                         0.49 kB │ gzip:   0.31 kB
../../../../var/folders/j7/fmz_9htj65999cjw_z7blc680000gn/T/chromatic--3666-kAfBdv1k4Ooy/assets/preview-QT7uMdpu.js                       0.60 kB │ gzip:   0.35 kB
../../../../var/folders/j7/fmz_9htj65999cjw_z7blc680000gn/T/chromatic--3666-kAfBdv1k4Ooy/assets/preview-B_0crF9I.js                       0.64 kB │ gzip:   0.45 kB
../../../../var/folders/j7/fmz_9htj65999cjw_z7blc680000gn/T/chromatic--3666-kAfBdv1k4Ooy/assets/index-DrFu-skq.js                         0.77 kB │ gzip:   0.47 kB
../../../../var/folders/j7/fmz_9htj65999cjw_z7blc680000gn/T/chromatic--3666-kAfBdv1k4Ooy/assets/preview-Cv3rAi2i.js                       0.86 kB │ gzip:   0.55 kB
../../../../var/folders/j7/fmz_9htj65999cjw_z7blc680000gn/T/chromatic--3666-kAfBdv1k4Ooy/assets/chunk-FJPRWHXQ-DjzXTrVy.js                1.29 kB │ gzip:   0.80 kB
../../../../var/folders/j7/fmz_9htj65999cjw_z7blc680000gn/T/chromatic--3666-kAfBdv1k4Ooy/assets/DocsRenderer-NNNQARDV-Cw5brDeq.js         1.81 kB │ gzip:   0.89 kB
../../../../var/folders/j7/fmz_9htj65999cjw_z7blc680000gn/T/chromatic--3666-kAfBdv1k4Ooy/assets/index-Bw8VTzHM.js                         2.59 kB │ gzip:   1.26 kB
../../../../var/folders/j7/fmz_9htj65999cjw_z7blc680000gn/T/chromatic--3666-kAfBdv1k4Ooy/assets/preview-BcxrGG1y.js                       3.19 kB │ gzip:   1.37 kB
../../../../var/folders/j7/fmz_9htj65999cjw_z7blc680000gn/T/chromatic--3666-kAfBdv1k4Ooy/assets/entry-preview-docs-exSatyOX.js            3.92 kB │ gzip:   1.90 kB
../../../../var/folders/j7/fmz_9htj65999cjw_z7blc680000gn/T/chromatic--3666-kAfBdv1k4Ooy/assets/iframe-C90EyqKN.js                        4.13 kB │ gzip:   1.68 kB
../../../../var/folders/j7/fmz_9htj65999cjw_z7blc680000gn/T/chromatic--3666-kAfBdv1k4Ooy/assets/Welcome-xDif5ajN.js                       4.97 kB │ gzip:   1.95 kB
../../../../var/folders/j7/fmz_9htj65999cjw_z7blc680000gn/T/chromatic--3666-kAfBdv1k4Ooy/assets/preview-D8VCGkL0.js                       5.23 kB │ gzip:   2.41 kB
../../../../var/folders/j7/fmz_9htj65999cjw_z7blc680000gn/T/chromatic--3666-kAfBdv1k4Ooy/assets/preview-BAz7FMXc.js                       7.62 kB │ gzip:   1.56 kB
../../../../var/folders/j7/fmz_9htj65999cjw_z7blc680000gn/T/chromatic--3666-kAfBdv1k4Ooy/assets/preview-DcnFBrgy.js                       8.16 kB │ gzip:   3.12 kB
../../../../var/folders/j7/fmz_9htj65999cjw_z7blc680000gn/T/chromatic--3666-kAfBdv1k4Ooy/assets/gh-table.stories-DKm7NUcc.js             12.28 kB │ gzip:   1.79 kB
../../../../var/folders/j7/fmz_9htj65999cjw_z7blc680000gn/T/chromatic--3666-kAfBdv1k4Ooy/assets/lit-element-KtrydcFn.js                  16.07 kB │ gzip:   5.99 kB
../../../../var/folders/j7/fmz_9htj65999cjw_z7blc680000gn/T/chromatic--3666-kAfBdv1k4Ooy/assets/Color-6VNJS4EI-CTiSGGOc.js               30.87 kB │ gzip:  11.67 kB
../../../../var/folders/j7/fmz_9htj65999cjw_z7blc680000gn/T/chromatic--3666-kAfBdv1k4Ooy/assets/index-C-frfP5L.js                        64.33 kB │ gzip:  18.54 kB
../../../../var/folders/j7/fmz_9htj65999cjw_z7blc680000gn/T/chromatic--3666-kAfBdv1k4Ooy/assets/formatter-SWP5E3XI-DfjWHOUZ.js          601.45 kB │ gzip: 186.16 kB
../../../../var/folders/j7/fmz_9htj65999cjw_z7blc680000gn/T/chromatic--3666-kAfBdv1k4Ooy/assets/index-BtpdiDH0.js                       685.94 kB │ gzip: 223.91 kB

(!) Some chunks are larger than 500 kB after minification. Consider:
- Using dynamic import() to code-split the application
- Use build.rollupOptions.output.manualChunks to improve chunking: https://rollupjs.org/configuration-options/#output-manualchunks
- Adjust chunk size limit for this warning via build.chunkSizeWarningLimit.
✓ built in 2.84s
info => Preview built (3 s)
info => Output directory: /var/folders/j7/fmz_9htj65999cjw_z7blc680000gn/T/chromatic--3666-kAfBdv1k4Ooy
